Host: gcn58.local.snellius.surf.nl
Mon Sep  8 13:16:04 2025       
+-----------------------------------------------------------------------------------------+
| NVIDIA-SMI 575.57.08              Driver Version: 575.57.08      CUDA Version: 12.9     |
|-----------------------------------------+------------------------+----------------------+
| GPU  Name                 Persistence-M | Bus-Id          Disp.A | Volatile Uncorr. ECC |
| Fan  Temp   Perf          Pwr:Usage/Cap |           Memory-Usage | GPU-Util  Compute M. |
|                                         |                        |               MIG M. |
|=========================================+========================+======================|
|   0  NVIDIA A100-SXM4-40GB          On  |   00000000:E3:00.0 Off |                    0 |
| N/A   28C    P0             45W /  400W |       0MiB /  40960MiB |      0%      Default |
|                                         |                        |             Disabled |
+-----------------------------------------+------------------------+----------------------+
                                                                                         
+-----------------------------------------------------------------------------------------+
| Processes:                                                                              |
|  GPU   GI   CI              PID   Type   Process name                        GPU Memory |
|        ID   ID                                                               Usage      |
|=========================================================================================|
|  No running processes found                                                             |
+-----------------------------------------------------------------------------------------+
torch 2.8.0+cu128 cuda? True
/gpfs/home4/wxia/Prob-for-PPF/.venv/lib64/python3.9/site-packages/networkx/utils/backends.py:135: RuntimeWarning: networkx backend defined more than once: nx-loopback
  backends.update(_get_backends("networkx.backends"))
/gpfs/home4/wxia/Prob-for-PPF/.venv/lib64/python3.9/site-packages/tensorpowerflow/utils.py:6: UserWarning: pkg_resources is deprecated as an API. See https://setuptools.pypa.io/en/latest/pkg_resources.html. The pkg_resources package is slated for removal as early as 2025-11-30. Refrain from using this package or pin to Setuptools<81.
  import pkg_resources
/gpfs/home4/wxia/Prob-for-PPF
Default case loaded.
Chunk:   0%|          | 0/1 [00:00<?, ?it/s]Chunk: 1 of 1:   0%|          | 0/1 [00:00<?, ?it/s]                                                    /gpfs/home4/wxia/Prob-for-PPF/.venv/lib64/python3.9/site-packages/sklearn/base.py:380: InconsistentVersionWarning: Trying to unpickle estimator GaussianMixture from version 1.7.1 when using version 1.6.1. This might lead to breaking code or invalid results. Use at your own risk. For more info please refer to:
https://scikit-learn.org/stable/model_persistence.html#security-maintainability-limitations
  warnings.warn(
wandb: Currently logged in as: xiaweijie1996 (weijie_xia) to https://api.wandb.ai. Use `wandb login --relogin` to force relogin
wandb: Tracking run with wandb version 0.21.1
wandb: Run data is saved locally in /gpfs/home4/wxia/Prob-for-PPF/wandb/run-20250908_131623-a6hj2etu
wandb: Run `wandb offline` to turn off syncing.
wandb: Syncing run dauntless-snow-9
wandb: â­ï¸ View project at https://wandb.ai/weijie_xia/Gnn-node-34
wandb: ðŸš€ View run at https://wandb.ai/weijie_xia/Gnn-node-34/runs/a6hj2etu
Model Parameters: 369344
Loaded scalers from: src/powersystems/psdistribution/34node/scalers.pkl
Sampled 100 data from GMM, mean: 37.88443703164485, std: 31.503705419989636, shape: (100, 66)
Loaded GMM from: src/powersystems/psdistribution/34node/gmm_power.pkl
torch.Size([1000, 66]) torch.Size([1000, 66]) torch.Size([2, 33])
Chunk:   0%|          | 0/1 [00:00<?, ?it/s]Chunk: 1 of 1:   0%|          | 0/1 [00:00<?, ?it/s]                                                    Traceback (most recent call last):
  File "/gpfs/home4/wxia/Prob-for-PPF/src/training/gnn/main_34.py", line 175, in <module>
    main()
  File "/gpfs/home4/wxia/Prob-for-PPF/src/training/gnn/main_34.py", line 130, in main
    output_power = gnn_model(target_voltage, edge_index)
  File "/gpfs/home4/wxia/Prob-for-PPF/.venv/lib64/python3.9/site-packages/torch/nn/modules/module.py", line 1773, in _wrapped_call_impl
    return self._call_impl(*args, **kwargs)
  File "/gpfs/home4/wxia/Prob-for-PPF/.venv/lib64/python3.9/site-packages/torch/nn/modules/module.py", line 1784, in _call_impl
    return forward_call(*args, **kwargs)
  File "/gpfs/home4/wxia/Prob-for-PPF/src/models/gnn/gnn.py", line 59, in forward
    x = self.constrain(layer(x, edge_index))
  File "/gpfs/home4/wxia/Prob-for-PPF/.venv/lib64/python3.9/site-packages/torch/nn/modules/module.py", line 1773, in _wrapped_call_impl
    return self._call_impl(*args, **kwargs)
  File "/gpfs/home4/wxia/Prob-for-PPF/.venv/lib64/python3.9/site-packages/torch/nn/modules/module.py", line 1784, in _call_impl
    return forward_call(*args, **kwargs)
  File "/gpfs/home4/wxia/Prob-for-PPF/src/models/gnn/gnn.py", line 30, in forward
    ei = torch.cat([edge_index,
RuntimeError: Expected all tensors to be on the same device, but got tensors is on cuda:0, different from other tensors on cpu (when checking argument in method wrapper_CUDA_cat)
[1;34mwandb[0m: 
[1;34mwandb[0m: ðŸš€ View run [33mdauntless-snow-9[0m at: [34mhttps://wandb.ai/weijie_xia/Gnn-node-34/runs/a6hj2etu[0m
[1;34mwandb[0m: Find logs at: [1;35mwandb/run-20250908_131623-a6hj2etu/logs[0m
srun: error: gcn58: task 0: Exited with exit code 1
srun: Terminating StepId=14528463.0

JOB STATISTICS
==============
Job ID: 14528463
Cluster: snellius
User/Group: wxia/wxia
State: FAILED (exit code 1)
Nodes: 1
Cores per node: 18
CPU Utilized: 00:00:04
CPU Efficiency: 0.72% of 00:09:18 core-walltime
Job Wall-clock time: 00:00:31
Memory Utilized: 3.80 MB
Memory Efficiency: 0.01% of 40.00 GB (40.00 GB/node)
